<?xml version="1.0" encoding="UTF-8"?>
<testsuite xmlns:xsi="http://www.w3.org/2001/XMLSchema-instance" xsi:noNamespaceSchemaLocation="https://maven.apache.org/surefire/maven-surefire-plugin/xsd/surefire-test-report-3.0.xsd" version="3.0" name="org.example.library.LibraryApplicationTests" time="7.532" tests="1" errors="0" skipped="0" failures="0">
  <properties>
[...]
</properties>
  <testcase name="contextLoads" classname="org.example.library.LibraryApplicationTests" time="1.184">
    <system-out><![CDATA[00:44:34.499 [main] INFO org.springframework.test.context.support.AnnotationConfigContextLoaderUtils -- Could not detect default configuration classes for test class [org.example.library.LibraryApplicationTests]: LibraryApplicationTests does not declare any static, non-private, non-final, nested classes annotated with @Configuration.
00:44:34.672 [main] INFO org.springframework.boot.test.context.SpringBootTestContextBootstrapper -- Found @SpringBootConfiguration org.example.library.LibraryApplication for test class org.example.library.LibraryApplicationTests

  .   ____          _            __ _ _
 /\\ / ___'_ __ _ _(_)_ __  __ _ \ \ \ \
( ( )\___ | '_ | '_| | '_ \/ _` | \ \ \ \
 \\/  ___)| |_)| | | | | || (_| |  ) ) ) )
  '  |____| .__|_| |_|_| |_\__, | / / / /
 =========|_|==============|___/=/_/_/_/
 :: Spring Boot ::                (v3.2.5)

2025-06-14T00:44:35.433+08:00  INFO 17884 --- [           main] o.e.library.LibraryApplicationTests      : Starting LibraryApplicationTests using Java 17.0.12 with PID 17884 (started by Gheeh in C:\Users\Gheeh\Desktop\Java+大作业+图书管理系统\library-management-system-backing\library)
2025-06-14T00:44:35.436+08:00  INFO 17884 --- [           main] o.e.library.LibraryApplicationTests      : No active profile set, falling back to 1 default profile: "default"
2025-06-14T00:44:36.553+08:00  INFO 17884 --- [           main] .s.d.r.c.RepositoryConfigurationDelegate : Bootstrapping Spring Data JPA repositories in DEFAULT mode.
2025-06-14T00:44:36.586+08:00  INFO 17884 --- [           main] .s.d.r.c.RepositoryConfigurationDelegate : Finished Spring Data repository scanning in 19 ms. Found 0 JPA repository interfaces.
2025-06-14T00:44:37.256+08:00  INFO 17884 --- [           main] com.zaxxer.hikari.HikariDataSource       : HikariPool-1 - Starting...
2025-06-14T00:44:37.913+08:00  INFO 17884 --- [           main] com.zaxxer.hikari.pool.HikariPool        : HikariPool-1 - Added connection com.mysql.cj.jdbc.ConnectionImpl@6d5f4900
2025-06-14T00:44:37.917+08:00  INFO 17884 --- [           main] com.zaxxer.hikari.HikariDataSource       : HikariPool-1 - Start completed.
2025-06-14T00:44:38.007+08:00  INFO 17884 --- [           main] o.hibernate.jpa.internal.util.LogHelper  : HHH000204: Processing PersistenceUnitInfo [name: default]
2025-06-14T00:44:38.134+08:00  INFO 17884 --- [           main] org.hibernate.Version                    : HHH000412: Hibernate ORM core version 6.4.4.Final
2025-06-14T00:44:38.214+08:00  INFO 17884 --- [           main] o.h.c.internal.RegionFactoryInitiator    : HHH000026: Second-level cache disabled
2025-06-14T00:44:38.694+08:00  INFO 17884 --- [           main] o.s.o.j.p.SpringPersistenceUnitInfo      : No LoadTimeWeaver setup: ignoring JPA class transformer
2025-06-14T00:44:39.414+08:00  INFO 17884 --- [           main] o.h.e.t.j.p.i.JtaPlatformInitiator       : HHH000489: No JTA platform available (set 'hibernate.transaction.jta.platform' to enable JTA platform integration)
2025-06-14T00:44:39.424+08:00  INFO 17884 --- [           main] j.LocalContainerEntityManagerFactoryBean : Initialized JPA EntityManagerFactory for persistence unit 'default'
2025-06-14T00:44:39.937+08:00  WARN 17884 --- [           main] JpaBaseConfiguration$JpaWebConfiguration : spring.jpa.open-in-view is enabled by default. Therefore, database queries may be performed during view rendering. Explicitly configure spring.jpa.open-in-view to disable this warning
2025-06-14T00:44:40.560+08:00  INFO 17884 --- [           main] o.e.library.LibraryApplicationTests      : Started LibraryApplicationTests in 5.629 seconds (process running for 7.172)
]]></system-out>
  </testcase>
</testsuite>